<?xml version="1.0" encoding="UTF-8"?>
<!-- Generated by org.testng.reporters.JUnitReportReporter -->
<testsuite hostname="LAPTOP-M004N1F4" failures="0" tests="1" name="sampleGIT.SampleGIT" time="41.890" errors="0" timestamp="26 Aug 2018 06:12:11 GMT" skipped="0">
  <testcase classname="sampleGIT.SampleGIT" name="login" time="41.890"/>
</testsuite> <!-- sampleGIT.SampleGIT -->
